操作定位:Public/godata::::登陆记录{"status":"success","MyArea":null}::::::操作日期:::::::2017-07-01 09:43:01
操作定位:Public/godata::::登陆记录{"status":"success","app":{"apptoken":"ato_54cecf0ee76a1f052c638dd187db56a5","exptime":1499479961},"MyArea":"\u6cb3\u5357\u7701"}::::::操作日期:::::::2017-07-01 10:12:41
操作定位:Public/godata::::登陆记录{"status":"success","app":{"apptoken":"ato_421315be86fde87855d8c924bc55ea8c","exptime":1499479962},"MyArea":"\u6cb3\u5357\u7701"}::::::操作日期:::::::2017-07-01 10:12:42
操作定位:Public/godata::::登陆记录{"status":"success","app":{"apptoken":"ato_f58de101d3c7e598dd35ceb313a83c4e","exptime":1499479963},"MyArea":"\u6cb3\u5357\u7701"}::::::操作日期:::::::2017-07-01 10:12:43
操作定位:Public/godata::::登陆记录{"status":"success","app":{"apptoken":"ato_a37c30a89cbbcfc8a1e64b1cecf735e8","exptime":1499481808},"MyArea":"\u6cb3\u5357\u7701_\u6e56\u5357\u7701_\u6c5f\u897f\u7701_\u56db\u5ddd\u7701_\u4e91\u5357\u7701"}::::::操作日期:::::::2017-07-01 10:43:28
操作定位:Public/godata::::登陆记录{"status":"error","info":"\u767b\u9646\u5931\u6548\/\u8bf7\u91cd\u65b0\u767b\u9646"}::::::操作日期:::::::2017-07-01 10:53:53
操作定位:Public/godata::::登陆记录{"status":"success","app":{"apptoken":"ato_e9f7bd8becd66a9faef40b2d9fd48227","exptime":1499482439},"MyArea":"\u6cb3\u5357\u7701_\u6e56\u5357\u7701_\u6c5f\u897f\u7701_\u56db\u5ddd\u7701_\u4e91\u5357\u7701"}::::::操作日期:::::::2017-07-01 10:53:59
操作定位:Public/godata::::登陆记录{"status":"success","MyArea":"\u6cb3\u5357\u7701_\u6e56\u5357\u7701_\u6c5f\u897f\u7701_\u56db\u5ddd\u7701_\u4e91\u5357\u7701_\u65b0\u7586\u7ef4\u543e\u5c14\u81ea\u6cbb\u533a"}::::::操作日期:::::::2017-07-01 11:00:28
操作定位:Public/godata::::登陆记录{"status":"success","MyArea":"\u6cb3\u5357\u7701_\u6e56\u5357\u7701_\u6c5f\u897f\u7701_\u56db\u5ddd\u7701_\u4e91\u5357\u7701_\u65b0\u7586\u7ef4\u543e\u5c14\u81ea\u6cbb\u533a"}::::::操作日期:::::::2017-07-01 11:04:39
操作定位:Public/godata::::登陆记录{"status":"success","MyArea":"\u6cb3\u5357\u7701_\u6e56\u5357\u7701_\u6c5f\u897f\u7701_\u56db\u5ddd\u7701_\u4e91\u5357\u7701_\u65b0\u7586\u7ef4\u543e\u5c14\u81ea\u6cbb\u533a"}::::::操作日期:::::::2017-07-01 11:07:29
操作定位:Public/godata::::登陆记录{"status":"success","MyArea":"\u6cb3\u5357\u7701_\u6e56\u5357\u7701_\u6c5f\u897f\u7701_\u56db\u5ddd\u7701_\u4e91\u5357\u7701_\u65b0\u7586\u7ef4\u543e\u5c14\u81ea\u6cbb\u533a"}::::::操作日期:::::::2017-07-01 11:08:20
操作定位:Public/godata::::登陆记录{"status":"success","MyArea":"\u6cb3\u5357\u7701_\u6e56\u5357\u7701_\u6c5f\u897f\u7701_\u56db\u5ddd\u7701_\u4e91\u5357\u7701_\u65b0\u7586\u7ef4\u543e\u5c14\u81ea\u6cbb\u533a"}::::::操作日期:::::::2017-07-01 11:11:41
操作定位:Public/godata::::登陆记录{"status":"success","MyArea":"\u6cb3\u5357\u7701_\u6e56\u5357\u7701_\u6c5f\u897f\u7701_\u56db\u5ddd\u7701_\u4e91\u5357\u7701_\u65b0\u7586\u7ef4\u543e\u5c14\u81ea\u6cbb\u533a"}::::::操作日期:::::::2017-07-01 11:12:33
操作定位:Public/godata::::登陆记录{"status":"success","MyArea":"\u6cb3\u5357\u7701_\u6e56\u5357\u7701_\u6c5f\u897f\u7701_\u56db\u5ddd\u7701_\u4e91\u5357\u7701_\u65b0\u7586\u7ef4\u543e\u5c14\u81ea\u6cbb\u533a"}::::::操作日期:::::::2017-07-01 11:13:57
操作定位:Public/godata::::登陆记录{"status":"success","MyArea":"\u6cb3\u5357\u7701_\u6e56\u5357\u7701_\u6c5f\u897f\u7701_\u56db\u5ddd\u7701_\u4e91\u5357\u7701_\u65b0\u7586\u7ef4\u543e\u5c14\u81ea\u6cbb\u533a"}::::::操作日期:::::::2017-07-01 11:16:27
操作定位:Public/godata::::登陆记录{"status":"success","app":{"apptoken":"ato_12c42ffc51f9bf744b20c539c0bf0ea4","exptime":1499485036},"MyArea":"\u6cb3\u5357\u7701_\u6e56\u5357\u7701_\u6c5f\u897f\u7701_\u56db\u5ddd\u7701_\u4e91\u5357\u7701_\u65b0\u7586\u7ef4\u543e\u5c14\u81ea\u6cbb\u533a"}::::::操作日期:::::::2017-07-01 11:37:16
操作定位:Public/godata::::登陆记录{"status":"success","app":{"apptoken":"ato_a0d2aa339447dbd0ec0350e98b1678a6","exptime":1499491925},"MyArea":"\u6cb3\u5357\u7701_\u6e56\u5357\u7701_\u6c5f\u897f\u7701_\u56db\u5ddd\u7701_\u4e91\u5357\u7701_\u65b0\u7586\u7ef4\u543e\u5c14\u81ea\u6cbb\u533a"}::::::操作日期:::::::2017-07-01 13:32:05
操作定位:Public/godata::::登陆记录{"status":"success","app":{"apptoken":"ato_c2e5c3e4987309f671bcfae853c360b0","exptime":1499492033},"MyArea":"\u6cb3\u5357\u7701_\u6e56\u5357\u7701_\u6c5f\u897f\u7701_\u56db\u5ddd\u7701_\u4e91\u5357\u7701_\u65b0\u7586\u7ef4\u543e\u5c14\u81ea\u6cbb\u533a"}::::::操作日期:::::::2017-07-01 13:33:53
操作定位:Public/godata::::登陆记录{"status":"success","app":{"apptoken":"ato_43d53638cf74df6addc2d6ac313a09bf","exptime":1499492035},"MyArea":"\u6cb3\u5357\u7701_\u6e56\u5357\u7701_\u6c5f\u897f\u7701_\u56db\u5ddd\u7701_\u4e91\u5357\u7701_\u65b0\u7586\u7ef4\u543e\u5c14\u81ea\u6cbb\u533a"}::::::操作日期:::::::2017-07-01 13:33:55
操作定位:Public/godata::::登陆记录{"status":"success","app":{"apptoken":"ato_ac995748b1858b0f19c48907c50f06c8","exptime":1499492615},"MyArea":"\u6cb3\u5357\u7701_\u6e56\u5357\u7701_\u6c5f\u897f\u7701_\u56db\u5ddd\u7701_\u4e91\u5357\u7701_\u65b0\u7586\u7ef4\u543e\u5c14\u81ea\u6cbb\u533a"}::::::操作日期:::::::2017-07-01 13:43:35
操作定位:Public/godata::::登陆记录{"status":"success","app":{"apptoken":"ato_ec2749d435fd43fd08f118eecaa9de0d","exptime":1499492736},"MyArea":"\u6cb3\u5357\u7701_\u6e56\u5357\u7701_\u6c5f\u897f\u7701"}::::::操作日期:::::::2017-07-01 13:45:36
操作定位:Public/godata::::登陆记录{"status":"success","app":{"apptoken":"ato_e03119a81546eb4c3f0a43fff572126b","exptime":1499492807},"MyArea":"\u6cb3\u5357\u7701_\u6e56\u5357\u7701_\u6c5f\u897f\u7701"}::::::操作日期:::::::2017-07-01 13:46:47
操作定位:Public/godata::::登陆记录{"status":"success","app":{"apptoken":"ato_9f6b74a0ea3673af91119e275d71ce57","exptime":1499492844},"MyArea":"\u6cb3\u5357\u7701_\u6e56\u5357\u7701_\u6c5f\u897f\u7701_\u56db\u5ddd\u7701_\u4e91\u5357\u7701_\u65b0\u7586\u7ef4\u543e\u5c14\u81ea\u6cbb\u533a"}::::::操作日期:::::::2017-07-01 13:47:24
