操作定位:Public/godata::::登陆记录{"status":"success","MyArea":"\u6cb3\u5357\u7701_\u6e56\u5357\u7701_\u6c5f\u897f\u7701_\u56db\u5ddd\u7701_\u4e91\u5357\u7701"}::::::操作日期:::::::2017-06-22 09:43:08
操作定位:Phone/getsomething::::init{"data_type":"a","timetype":"d","time":"today","type":"gethomedata","oftype":"sale"}::::::操作日期:::::::2017-06-22 09:43:11
操作定位:Phone/getsomething::::反馈信息--->>>{"piex":["\u534e\u5317","\u534e\u5357","\u897f\u5357"],"piey":[{"name":"\u534e\u5317","value":0},{"name":"\u534e\u5357","value":0},{"name":"\u897f\u5357","value":0}],"type":"\u9500\u552e\u989d","color":["#CCCCFF","#99CCFF","#40D29B"],"timeline":["0:00","1:00","2:00","3:00","4:00","5:00","6:00","7:00","8:00","9:00","10:00","11:00","12:00","13:00","14:00","15:00","16:00","17:00","18:00","19:00","20:00","21:00","22:00","23:00"],"series":[{"name":"\u534e\u5317","type":"line","smooth":true,"symbol":"circle","data":[0,0,0,0,0,0,0,0,0,0,0,0,0,0,0,0,0,0,0,0,0,0,0,0]},{"name":"\u534e\u5357","type":"line","smooth":true,"symbol":"circle","data":[0,0,0,0,0,0,0,0,0,0,0,0,0,0,0,0,0,0,0,0,0,0,0,0]},{"name":"\u897f\u5357","type":"line","smooth":true,"symbol":"circle","data":[0,0,0,0,0,0,0,0,0,0,0,0,0,0,0,0,0,0,0,0,0,0,0,0]}],"status":"success"}::::::操作日期:::::::2017-06-22 09:43:11
操作定位:Public/godata::::登陆记录{"status":"error","info":"\u60a8\u7684\u8d26\u53f7\u6682\u65e0\u6743\u9650"}::::::操作日期:::::::2017-06-22 09:44:17
操作定位:Public/godata::::登陆记录{"status":"error","info":"\u8d26\u53f7\u6216\u5bc6\u7801\u9519\u8bef"}::::::操作日期:::::::2017-06-22 09:44:42
操作定位:Public/godata::::登陆记录{"status":"error","info":"\u8d26\u53f7\u6216\u5bc6\u7801\u9519\u8bef"}::::::操作日期:::::::2017-06-22 09:44:44
操作定位:Public/godata::::登陆记录{"status":"error","info":"\u60a8\u7684\u8d26\u53f7\u6682\u65e0\u6743\u9650"}::::::操作日期:::::::2017-06-22 09:45:01
操作定位:Public/godata::::登陆记录{"status":"success","app":{"apptoken":"ato_c1b491f6383ff152d5f53e7fb2877ea7","exptime":1498700742},"MyArea":"\u6cb3\u5357\u7701"}::::::操作日期:::::::2017-06-22 09:45:42
操作定位:Phone/getsomething::::init{"data_type":"a","timetype":"d","time":"today","type":"gethomedata","oftype":"sale"}::::::操作日期:::::::2017-06-22 09:45:44
操作定位:Phone/getsomething::::反馈信息--->>>{"piex":["\u534e\u5317"],"piey":[{"name":"\u534e\u5317","value":0}],"type":"\u9500\u552e\u989d","color":["#CCCCFF"],"timeline":["0:00","1:00","2:00","3:00","4:00","5:00","6:00","7:00","8:00","9:00","10:00","11:00","12:00","13:00","14:00","15:00","16:00","17:00","18:00","19:00","20:00","21:00","22:00","23:00"],"series":[{"name":"\u534e\u5317","type":"line","smooth":true,"symbol":"circle","data":[0,0,0,0,0,0,0,0,0,0,0,0,0,0,0,0,0,0,0,0,0,0,0,0]}],"status":"success"}::::::操作日期:::::::2017-06-22 09:45:44
操作定位:Phone/getsomething::::init{"time":"today","timetype":"d","data_type":"p","type":"gethomedata","oftype":"sale","aname":"\u534e\u5317","pname":"","cname":""}::::::操作日期:::::::2017-06-22 09:45:47
操作定位:Phone/getsomething::::---SELECT a.Area as AreaName,a.ID,a.AreaId,CONVERT(float(50),ISNULL(a.allmoney, 0),120) as allmoney,ISNULL(a.pcount, 0) as pcount FROM (SELECT al.ID,al.Area,al.AreaId,SUM(o.FTYM) as allmoney,SUM(o.HFTY) as pcount FROM RS_AreaList al LEFT JOIN RS_AreaManager am ON al.AreaId=am.ID LEFT JOIN RS_Store s ON al.Area=s.province LEFT JOIN RS_Order o ON o.stoken=s.stoken WHERE s.stoken<>'0' and s.IsCheck='1' and o.Status in (2,3,4,5,10) and o.CreateDate BETWEEN '2017-06-22 00:00:01' and '2017-06-22 23:59:59' and o.stoken in('nPyEo49507333966','oXTdy49509119968') and am.AreaName='华北' GROUP BY al.AreaId,al.ID,al.Area) a ORDER BY a.allmoney desc ::::::操作日期:::::::2017-06-22 09:45:47
操作定位:Phone/getsomething::::反馈信息--->>>{"piex":[],"piey":[],"type":null,"color":[],"timeline":["0:00","1:00","2:00","3:00","4:00","5:00","6:00","7:00","8:00","9:00","10:00","11:00","12:00","13:00","14:00","15:00","16:00","17:00","18:00","19:00","20:00","21:00","22:00","23:00"],"series":[],"status":"error"}::::::操作日期:::::::2017-06-22 09:45:47
操作定位:Public/godata::::登陆记录{"status":"success","app":{"apptoken":"ato_269fbe86bb38fd59b8ed6d557266db26","exptime":1498700801},"MyArea":"\u6cb3\u5357\u7701"}::::::操作日期:::::::2017-06-22 09:46:41
操作定位:Phone/getsomething::::init{"data_type":"a","timetype":"d","time":"today","type":"gethomedata","oftype":"sale"}::::::操作日期:::::::2017-06-22 09:46:43
操作定位:Phone/getsomething::::反馈信息--->>>{"piex":["\u534e\u5317"],"piey":[{"name":"\u534e\u5317","value":0}],"type":"\u9500\u552e\u989d","color":["#CCCCFF"],"timeline":["0:00","1:00","2:00","3:00","4:00","5:00","6:00","7:00","8:00","9:00","10:00","11:00","12:00","13:00","14:00","15:00","16:00","17:00","18:00","19:00","20:00","21:00","22:00","23:00"],"series":[{"name":"\u534e\u5317","type":"line","smooth":true,"symbol":"circle","data":[0,0,0,0,0,0,0,0,0,0,0,0,0,0,0,0,0,0,0,0,0,0,0,0]}],"status":"success"}::::::操作日期:::::::2017-06-22 09:46:44
操作定位:Public/godata::::登陆记录{"status":"success","MyArea":"\u6cb3\u5357\u7701"}::::::操作日期:::::::2017-06-22 15:06:53
操作定位:Phone/getsomething::::init{"data_type":"a","timetype":"d","time":"today","type":"gethomedata","oftype":"sale"}::::::操作日期:::::::2017-06-22 15:06:55
操作定位:Phone/getsomething::::反馈信息--->>>{"piex":["\u534e\u5317"],"piey":[{"name":"\u534e\u5317","value":0}],"type":"\u9500\u552e\u989d","color":["#CCCCFF"],"timeline":["0:00","1:00","2:00","3:00","4:00","5:00","6:00","7:00","8:00","9:00","10:00","11:00","12:00","13:00","14:00","15:00","16:00","17:00","18:00","19:00","20:00","21:00","22:00","23:00"],"series":[{"name":"\u534e\u5317","type":"line","smooth":true,"symbol":"circle","data":[0,0,0,0,0,0,0,0,0,0,0,0,0,0,0,0,0,0,0,0,0,0,0,0]}],"status":"success"}::::::操作日期:::::::2017-06-22 15:06:55
操作定位:Public/godata::::登陆记录{"status":"success","MyArea":"\u6cb3\u5357\u7701"}::::::操作日期:::::::2017-06-22 15:07:34
操作定位:Phone/getsomething::::init{"data_type":"a","timetype":"d","time":"today","type":"gethomedata","oftype":"sale"}::::::操作日期:::::::2017-06-22 15:07:37
操作定位:Phone/getsomething::::反馈信息--->>>{"piex":["\u534e\u5317"],"piey":[{"name":"\u534e\u5317","value":0}],"type":"\u9500\u552e\u989d","color":["#CCCCFF"],"timeline":["0:00","1:00","2:00","3:00","4:00","5:00","6:00","7:00","8:00","9:00","10:00","11:00","12:00","13:00","14:00","15:00","16:00","17:00","18:00","19:00","20:00","21:00","22:00","23:00"],"series":[{"name":"\u534e\u5317","type":"line","smooth":true,"symbol":"circle","data":[0,0,0,0,0,0,0,0,0,0,0,0,0,0,0,0,0,0,0,0,0,0,0,0]}],"status":"success"}::::::操作日期:::::::2017-06-22 15:07:37
操作定位:Public/godata::::登陆记录{"status":"error","info":"\u767b\u9646\u5931\u6548\/\u8bf7\u91cd\u65b0\u767b\u9646"}::::::操作日期:::::::2017-06-22 15:15:00
操作定位:Public/godata::::登陆记录{"status":"success","app":{"apptoken":"ato_f30c644e813b989156bbb0a307500805","exptime":1498720505},"MyArea":"\u6cb3\u5357\u7701_\u6e56\u5357\u7701_\u6c5f\u897f\u7701_\u56db\u5ddd\u7701_\u4e91\u5357\u7701"}::::::操作日期:::::::2017-06-22 15:15:05
操作定位:Phone/getsomething::::init{"data_type":"a","timetype":"d","time":"today","type":"gethomedata","oftype":"sale"}::::::操作日期:::::::2017-06-22 15:15:07
操作定位:Phone/getsomething::::反馈信息--->>>{"piex":["\u534e\u5317","\u534e\u5357","\u897f\u5357"],"piey":[{"name":"\u534e\u5317","value":0},{"name":"\u534e\u5357","value":0},{"name":"\u897f\u5357","value":0}],"type":"\u9500\u552e\u989d","color":["#CCCCFF","#99CCFF","#40D29B"],"timeline":["0:00","1:00","2:00","3:00","4:00","5:00","6:00","7:00","8:00","9:00","10:00","11:00","12:00","13:00","14:00","15:00","16:00","17:00","18:00","19:00","20:00","21:00","22:00","23:00"],"series":[{"name":"\u534e\u5317","type":"line","smooth":true,"symbol":"circle","data":[0,0,0,0,0,0,0,0,0,0,0,0,0,0,0,0,0,0,0,0,0,0,0,0]},{"name":"\u534e\u5357","type":"line","smooth":true,"symbol":"circle","data":[0,0,0,0,0,0,0,0,0,0,0,0,0,0,0,0,0,0,0,0,0,0,0,0]},{"name":"\u897f\u5357","type":"line","smooth":true,"symbol":"circle","data":[0,0,0,0,0,0,0,0,0,0,0,0,0,0,0,0,0,0,0,0,0,0,0,0]}],"status":"success"}::::::操作日期:::::::2017-06-22 15:15:07
操作定位:Phone/getsomething::::init{"time_type":"d","type":"gettodaydata"}::::::操作日期:::::::2017-06-22 15:15:10
操作定位:Phone/getsomething::::2017-06-22 00:00:01---2017-06-22 23:59:59*********2017-06-21 00:00:01---2017-06-21 23:59:59::::::操作日期:::::::2017-06-22 15:15:10
操作定位:Phone/getsomething::::{"status":"success","data":{"today_money":0,"today_count":0,"diffmoney":0,"diffcount":0}}::::::操作日期:::::::2017-06-22 15:15:10
操作定位:Phone/getsomething::::init{"data_type":"a","type":"dataofareas"}::::::操作日期:::::::2017-06-22 15:15:12
操作定位:Phone/getsomething::::-------SELECT am.AreaName,CONVERT(float(53),SUM(o.FTYM),120) as allmoney,ISNULL(SUM(o.HFTY),0) as pcount FROM RS_AreaManager am LEFT JOIN RS_AreaList al ON am.ID=al.AreaId LEFT JOIN RS_Store s ON al.Area=s.province LEFT JOIN RS_Order o ON s.stoken=o.stoken WHERE o.Status in(2,3,4,5,10) and o.stoken in('nPyEo49507333966','oXTdy49509119968','hFeGH49534882642','NAUlV49541606740','QTNFg49561856205','vYfwa49553178058','lPduK49576693002','Rnmkm49672133165') and o.CreateDate BETWEEN '2017-05-23 15:00:00' and '2017-06-22 15:00:00' GROUP BY am.AreaName ORDER BY allmoney asc::::::操作日期:::::::2017-06-22 15:15:12
操作定位:Phone/getsomething::::首页排行信息反馈--->>>{"status":"success","barx":["\u534e\u5317","\u897f\u5357","\u534e\u5357"],"bary":[825.54,955.4,1140],"barz":[125,91,95]}::::::操作日期:::::::2017-06-22 15:15:12
操作定位:Public/godata::::登陆记录{"status":"success","MyArea":"\u6cb3\u5357\u7701_\u6e56\u5357\u7701_\u6c5f\u897f\u7701_\u56db\u5ddd\u7701_\u4e91\u5357\u7701"}::::::操作日期:::::::2017-06-22 15:15:53
操作定位:Phone/getsomething::::init{"data_type":"a","timetype":"d","time":"today","type":"gethomedata","oftype":"sale"}::::::操作日期:::::::2017-06-22 15:15:55
操作定位:Phone/getsomething::::反馈信息--->>>{"piex":["\u534e\u5317","\u534e\u5357","\u897f\u5357"],"piey":[{"name":"\u534e\u5317","value":0},{"name":"\u534e\u5357","value":0},{"name":"\u897f\u5357","value":0}],"type":"\u9500\u552e\u989d","color":["#CCCCFF","#99CCFF","#40D29B"],"timeline":["0:00","1:00","2:00","3:00","4:00","5:00","6:00","7:00","8:00","9:00","10:00","11:00","12:00","13:00","14:00","15:00","16:00","17:00","18:00","19:00","20:00","21:00","22:00","23:00"],"series":[{"name":"\u534e\u5317","type":"line","smooth":true,"symbol":"circle","data":[0,0,0,0,0,0,0,0,0,0,0,0,0,0,0,0,0,0,0,0,0,0,0,0]},{"name":"\u534e\u5357","type":"line","smooth":true,"symbol":"circle","data":[0,0,0,0,0,0,0,0,0,0,0,0,0,0,0,0,0,0,0,0,0,0,0,0]},{"name":"\u897f\u5357","type":"line","smooth":true,"symbol":"circle","data":[0,0,0,0,0,0,0,0,0,0,0,0,0,0,0,0,0,0,0,0,0,0,0,0]}],"status":"success"}::::::操作日期:::::::2017-06-22 15:15:55
操作定位:Public/godata::::登陆记录{"status":"success","MyArea":"\u6cb3\u5357\u7701_\u6e56\u5357\u7701_\u6c5f\u897f\u7701_\u56db\u5ddd\u7701_\u4e91\u5357\u7701"}::::::操作日期:::::::2017-06-22 15:16:00
操作定位:Phone/getsomething::::init{"data_type":"a","timetype":"d","time":"today","type":"gethomedata","oftype":"sale"}::::::操作日期:::::::2017-06-22 15:16:02
操作定位:Public/godata::::登陆记录{"status":"success","MyArea":"\u6cb3\u5357\u7701_\u6e56\u5357\u7701_\u6c5f\u897f\u7701_\u56db\u5ddd\u7701_\u4e91\u5357\u7701"}::::::操作日期:::::::2017-06-22 15:16:04
操作定位:Phone/getsomething::::init{"data_type":"a","timetype":"d","time":"today","type":"gethomedata","oftype":"sale"}::::::操作日期:::::::2017-06-22 15:16:05
操作定位:Phone/getsomething::::反馈信息--->>>{"piex":["\u534e\u5317","\u534e\u5357","\u897f\u5357"],"piey":[{"name":"\u534e\u5317","value":0},{"name":"\u534e\u5357","value":0},{"name":"\u897f\u5357","value":0}],"type":"\u9500\u552e\u989d","color":["#CCCCFF","#99CCFF","#40D29B"],"timeline":["0:00","1:00","2:00","3:00","4:00","5:00","6:00","7:00","8:00","9:00","10:00","11:00","12:00","13:00","14:00","15:00","16:00","17:00","18:00","19:00","20:00","21:00","22:00","23:00"],"series":[{"name":"\u534e\u5317","type":"line","smooth":true,"symbol":"circle","data":[0,0,0,0,0,0,0,0,0,0,0,0,0,0,0,0,0,0,0,0,0,0,0,0]},{"name":"\u534e\u5357","type":"line","smooth":true,"symbol":"circle","data":[0,0,0,0,0,0,0,0,0,0,0,0,0,0,0,0,0,0,0,0,0,0,0,0]},{"name":"\u897f\u5357","type":"line","smooth":true,"symbol":"circle","data":[0,0,0,0,0,0,0,0,0,0,0,0,0,0,0,0,0,0,0,0,0,0,0,0]}],"status":"success"}::::::操作日期:::::::2017-06-22 15:16:05
操作定位:Public/godata::::登陆记录{"status":"success","MyArea":"\u6cb3\u5357\u7701_\u6e56\u5357\u7701_\u6c5f\u897f\u7701_\u56db\u5ddd\u7701_\u4e91\u5357\u7701"}::::::操作日期:::::::2017-06-22 15:16:12
操作定位:Public/godata::::登陆记录{"status":"success","MyArea":"\u6cb3\u5357\u7701_\u6e56\u5357\u7701_\u6c5f\u897f\u7701_\u56db\u5ddd\u7701_\u4e91\u5357\u7701"}::::::操作日期:::::::2017-06-22 15:16:16
操作定位:Phone/getsomething::::init{"data_type":"a","timetype":"d","time":"today","type":"gethomedata","oftype":"sale"}::::::操作日期:::::::2017-06-22 15:16:17
操作定位:Phone/getsomething::::反馈信息--->>>{"piex":["\u534e\u5317","\u534e\u5357","\u897f\u5357"],"piey":[{"name":"\u534e\u5317","value":0},{"name":"\u534e\u5357","value":0},{"name":"\u897f\u5357","value":0}],"type":"\u9500\u552e\u989d","color":["#CCCCFF","#99CCFF","#40D29B"],"timeline":["0:00","1:00","2:00","3:00","4:00","5:00","6:00","7:00","8:00","9:00","10:00","11:00","12:00","13:00","14:00","15:00","16:00","17:00","18:00","19:00","20:00","21:00","22:00","23:00"],"series":[{"name":"\u534e\u5317","type":"line","smooth":true,"symbol":"circle","data":[0,0,0,0,0,0,0,0,0,0,0,0,0,0,0,0,0,0,0,0,0,0,0,0]},{"name":"\u534e\u5357","type":"line","smooth":true,"symbol":"circle","data":[0,0,0,0,0,0,0,0,0,0,0,0,0,0,0,0,0,0,0,0,0,0,0,0]},{"name":"\u897f\u5357","type":"line","smooth":true,"symbol":"circle","data":[0,0,0,0,0,0,0,0,0,0,0,0,0,0,0,0,0,0,0,0,0,0,0,0]}],"status":"success"}::::::操作日期:::::::2017-06-22 15:16:17
操作定位:Public/godata::::登陆记录{"status":"success","MyArea":"\u6cb3\u5357\u7701_\u6e56\u5357\u7701_\u6c5f\u897f\u7701_\u56db\u5ddd\u7701_\u4e91\u5357\u7701"}::::::操作日期:::::::2017-06-22 15:16:21
操作定位:Phone/getsomething::::init{"data_type":"a","timetype":"d","time":"today","type":"gethomedata","oftype":"sale"}::::::操作日期:::::::2017-06-22 15:16:23
操作定位:Phone/getsomething::::反馈信息--->>>{"piex":["\u534e\u5317","\u534e\u5357","\u897f\u5357"],"piey":[{"name":"\u534e\u5317","value":0},{"name":"\u534e\u5357","value":0},{"name":"\u897f\u5357","value":0}],"type":"\u9500\u552e\u989d","color":["#CCCCFF","#99CCFF","#40D29B"],"timeline":["0:00","1:00","2:00","3:00","4:00","5:00","6:00","7:00","8:00","9:00","10:00","11:00","12:00","13:00","14:00","15:00","16:00","17:00","18:00","19:00","20:00","21:00","22:00","23:00"],"series":[{"name":"\u534e\u5317","type":"line","smooth":true,"symbol":"circle","data":[0,0,0,0,0,0,0,0,0,0,0,0,0,0,0,0,0,0,0,0,0,0,0,0]},{"name":"\u534e\u5357","type":"line","smooth":true,"symbol":"circle","data":[0,0,0,0,0,0,0,0,0,0,0,0,0,0,0,0,0,0,0,0,0,0,0,0]},{"name":"\u897f\u5357","type":"line","smooth":true,"symbol":"circle","data":[0,0,0,0,0,0,0,0,0,0,0,0,0,0,0,0,0,0,0,0,0,0,0,0]}],"status":"success"}::::::操作日期:::::::2017-06-22 15:16:23
操作定位:Public/godata::::登陆记录{"status":"success","MyArea":"\u6cb3\u5357\u7701"}::::::操作日期:::::::2017-06-22 15:16:24
操作定位:Phone/getsomething::::init{"data_type":"a","timetype":"d","time":"today","type":"gethomedata","oftype":"sale"}::::::操作日期:::::::2017-06-22 15:16:26
操作定位:Phone/getsomething::::反馈信息--->>>{"piex":["\u534e\u5317"],"piey":[{"name":"\u534e\u5317","value":0}],"type":"\u9500\u552e\u989d","color":["#CCCCFF"],"timeline":["0:00","1:00","2:00","3:00","4:00","5:00","6:00","7:00","8:00","9:00","10:00","11:00","12:00","13:00","14:00","15:00","16:00","17:00","18:00","19:00","20:00","21:00","22:00","23:00"],"series":[{"name":"\u534e\u5317","type":"line","smooth":true,"symbol":"circle","data":[0,0,0,0,0,0,0,0,0,0,0,0,0,0,0,0,0,0,0,0,0,0,0,0]}],"status":"success"}::::::操作日期:::::::2017-06-22 15:16:27
操作定位:Public/godata::::登陆记录{"status":"success","MyArea":"\u6cb3\u5357\u7701"}::::::操作日期:::::::2017-06-22 15:16:39
操作定位:Public/godata::::登陆记录{"status":"success","MyArea":"\u6cb3\u5357\u7701"}::::::操作日期:::::::2017-06-22 15:16:56
操作定位:Phone/getsomething::::init{"data_type":"a","timetype":"d","time":"today","type":"gethomedata","oftype":"sale"}::::::操作日期:::::::2017-06-22 15:16:58
操作定位:Phone/getsomething::::反馈信息--->>>{"piex":["\u534e\u5317"],"piey":[{"name":"\u534e\u5317","value":0}],"type":"\u9500\u552e\u989d","color":["#CCCCFF"],"timeline":["0:00","1:00","2:00","3:00","4:00","5:00","6:00","7:00","8:00","9:00","10:00","11:00","12:00","13:00","14:00","15:00","16:00","17:00","18:00","19:00","20:00","21:00","22:00","23:00"],"series":[{"name":"\u534e\u5317","type":"line","smooth":true,"symbol":"circle","data":[0,0,0,0,0,0,0,0,0,0,0,0,0,0,0,0,0,0,0,0,0,0,0,0]}],"status":"success"}::::::操作日期:::::::2017-06-22 15:16:58
操作定位:Public/godata::::登陆记录{"status":"success","MyArea":"\u6cb3\u5357\u7701"}::::::操作日期:::::::2017-06-22 15:19:44
操作定位:Phone/getsomething::::init{"data_type":"a","timetype":"d","time":"today","type":"gethomedata","oftype":"sale"}::::::操作日期:::::::2017-06-22 15:19:47
操作定位:Phone/getsomething::::反馈信息--->>>{"piex":["\u534e\u5317"],"piey":[{"name":"\u534e\u5317","value":0}],"type":"\u9500\u552e\u989d","color":["#CCCCFF"],"timeline":["0:00","1:00","2:00","3:00","4:00","5:00","6:00","7:00","8:00","9:00","10:00","11:00","12:00","13:00","14:00","15:00","16:00","17:00","18:00","19:00","20:00","21:00","22:00","23:00"],"series":[{"name":"\u534e\u5317","type":"line","smooth":true,"symbol":"circle","data":[0,0,0,0,0,0,0,0,0,0,0,0,0,0,0,0,0,0,0,0,0,0,0,0]}],"status":"success"}::::::操作日期:::::::2017-06-22 15:19:47
操作定位:Public/godata::::登陆记录{"status":"success","MyArea":"\u6cb3\u5357\u7701_\u6e56\u5357\u7701_\u6c5f\u897f\u7701_\u56db\u5ddd\u7701_\u4e91\u5357\u7701"}::::::操作日期:::::::2017-06-22 15:20:27
操作定位:Phone/getsomething::::init{"data_type":"a","timetype":"d","time":"today","type":"gethomedata","oftype":"sale"}::::::操作日期:::::::2017-06-22 15:20:29
操作定位:Phone/getsomething::::反馈信息--->>>{"piex":["\u534e\u5317","\u534e\u5357","\u897f\u5357"],"piey":[{"name":"\u534e\u5317","value":0},{"name":"\u534e\u5357","value":0},{"name":"\u897f\u5357","value":0}],"type":"\u9500\u552e\u989d","color":["#CCCCFF","#99CCFF","#40D29B"],"timeline":["0:00","1:00","2:00","3:00","4:00","5:00","6:00","7:00","8:00","9:00","10:00","11:00","12:00","13:00","14:00","15:00","16:00","17:00","18:00","19:00","20:00","21:00","22:00","23:00"],"series":[{"name":"\u534e\u5317","type":"line","smooth":true,"symbol":"circle","data":[0,0,0,0,0,0,0,0,0,0,0,0,0,0,0,0,0,0,0,0,0,0,0,0]},{"name":"\u534e\u5357","type":"line","smooth":true,"symbol":"circle","data":[0,0,0,0,0,0,0,0,0,0,0,0,0,0,0,0,0,0,0,0,0,0,0,0]},{"name":"\u897f\u5357","type":"line","smooth":true,"symbol":"circle","data":[0,0,0,0,0,0,0,0,0,0,0,0,0,0,0,0,0,0,0,0,0,0,0,0]}],"status":"success"}::::::操作日期:::::::2017-06-22 15:20:29
操作定位:Public/godata::::登陆记录{"status":"success","MyArea":"\u6cb3\u5357\u7701_\u6e56\u5357\u7701_\u6c5f\u897f\u7701_\u56db\u5ddd\u7701_\u4e91\u5357\u7701"}::::::操作日期:::::::2017-06-22 15:20:34
操作定位:Public/godata::::登陆记录{"status":"success","MyArea":"\u6cb3\u5357\u7701_\u6e56\u5357\u7701_\u6c5f\u897f\u7701_\u56db\u5ddd\u7701_\u4e91\u5357\u7701"}::::::操作日期:::::::2017-06-22 15:39:00
操作定位:Phone/getsomething::::init{"data_type":"a","timetype":"d","time":"today","type":"gethomedata","oftype":"sale"}::::::操作日期:::::::2017-06-22 15:39:02
操作定位:Phone/getsomething::::反馈信息--->>>{"piex":["\u534e\u5317","\u534e\u5357","\u897f\u5357"],"piey":[{"name":"\u534e\u5317","value":0},{"name":"\u534e\u5357","value":0},{"name":"\u897f\u5357","value":0}],"type":"\u9500\u552e\u989d","color":["#CCCCFF","#99CCFF","#40D29B"],"timeline":["0:00","1:00","2:00","3:00","4:00","5:00","6:00","7:00","8:00","9:00","10:00","11:00","12:00","13:00","14:00","15:00","16:00","17:00","18:00","19:00","20:00","21:00","22:00","23:00"],"series":[{"name":"\u534e\u5317","type":"line","smooth":true,"symbol":"circle","data":[0,0,0,0,0,0,0,0,0,0,0,0,0,0,0,0,0,0,0,0,0,0,0,0]},{"name":"\u534e\u5357","type":"line","smooth":true,"symbol":"circle","data":[0,0,0,0,0,0,0,0,0,0,0,0,0,0,0,0,0,0,0,0,0,0,0,0]},{"name":"\u897f\u5357","type":"line","smooth":true,"symbol":"circle","data":[0,0,0,0,0,0,0,0,0,0,0,0,0,0,0,0,0,0,0,0,0,0,0,0]}],"status":"success"}::::::操作日期:::::::2017-06-22 15:39:02
操作定位:Phone/getsomething::::init{"time_type":"d","type":"gettodaydata"}::::::操作日期:::::::2017-06-22 15:39:04
操作定位:Phone/getsomething::::2017-06-22 00:00:01---2017-06-22 23:59:59*********2017-06-21 00:00:01---2017-06-21 23:59:59::::::操作日期:::::::2017-06-22 15:39:04
操作定位:Phone/getsomething::::{"status":"success","data":{"today_money":0,"today_count":0,"diffmoney":0,"diffcount":0}}::::::操作日期:::::::2017-06-22 15:39:04
操作定位:Phone/getsomething::::init{"type":"getdataofsales","time":"today","time_type":"d","data_type":"sales","pname":"","cname":""}::::::操作日期:::::::2017-06-22 15:39:07
操作定位:Phone/getsomething::::SELECT CONVERT(float(53),SUM(o.FTYM),120) as allmoney,ISNULL(SUM(o.HFTY),0) as pcount,DATEPART(hh,o.CreateDate) as Hour FROM RS_Order o LEFT JOIN RS_Store s ON o.stoken=s.stoken WHERE  o.Status in (2,3,4,5,10) and o.stoken in ('nPyEo49507333966','oXTdy49509119968','hFeGH49534882642','NAUlV49541606740','QTNFg49561856205','vYfwa49553178058','lPduK49576693002','Rnmkm49672133165') and o.CreateDate BETWEEN '2017-06-22 00:00:01' and '2017-06-22 23:59:59' GROUP BY DATEPART(hh,o.CreateDate)::::::操作日期:::::::2017-06-22 15:39:08
操作定位:Phone/getsomething::::--->>>销售统计反馈{"linex":["0:00","1:00","2:00","3:00","4:00","5:00","6:00","7:00","8:00","9:00","10:00","11:00","12:00","13:00","14:00","15:00","16:00","17:00","18:00","19:00","20:00","21:00","22:00","23:00"],"liney":[0,0,0,0,0,0,0,0,0,0,0,0,0,0,0,0,0,0,0,0,0,0,0,0],"piex":[],"piey":[],"tableData":[]}::::::操作日期:::::::2017-06-22 15:39:09
操作定位:Phone/getsomething::::init{"type":"getdataofsales","time":"today","time_type":"d","data_type":"count","pname":"","cname":""}::::::操作日期:::::::2017-06-22 15:39:13
操作定位:Phone/getsomething::::SELECT CONVERT(float(53),SUM(o.FTYM),120) as allmoney,ISNULL(SUM(o.HFTY),0) as pcount,DATEPART(hh,o.CreateDate) as Hour FROM RS_Order o LEFT JOIN RS_Store s ON o.stoken=s.stoken WHERE  o.Status in (2,3,4,5,10) and o.stoken in ('nPyEo49507333966','oXTdy49509119968','hFeGH49534882642','NAUlV49541606740','QTNFg49561856205','vYfwa49553178058','lPduK49576693002','Rnmkm49672133165') and o.CreateDate BETWEEN '2017-06-22 00:00:01' and '2017-06-22 23:59:59' GROUP BY DATEPART(hh,o.CreateDate)::::::操作日期:::::::2017-06-22 15:39:13
操作定位:Phone/getsomething::::--->>>销售统计反馈{"linex":["0:00","1:00","2:00","3:00","4:00","5:00","6:00","7:00","8:00","9:00","10:00","11:00","12:00","13:00","14:00","15:00","16:00","17:00","18:00","19:00","20:00","21:00","22:00","23:00"],"liney":[0,0,0,0,0,0,0,0,0,0,0,0,0,0,0,0,0,0,0,0,0,0,0,0],"piex":[],"piey":[],"tableData":[]}::::::操作日期:::::::2017-06-22 15:39:14
操作定位:Phone/getsomething::::init{"time_type":"d","type":"fcsales","desc":"desc"}::::::操作日期:::::::2017-06-22 15:39:16
操作定位:Phone/getsomething::::--->>平台销售--->>>{"status":"error"}::::::操作日期:::::::2017-06-22 15:39:16
操作定位:Phone/getsomething::::init{"type":"getdataofsales","time":"today","time_type":"d","data_type":"count","pname":"","cname":""}::::::操作日期:::::::2017-06-22 15:39:18
操作定位:Phone/getsomething::::SELECT CONVERT(float(53),SUM(o.FTYM),120) as allmoney,ISNULL(SUM(o.HFTY),0) as pcount,DATEPART(hh,o.CreateDate) as Hour FROM RS_Order o LEFT JOIN RS_Store s ON o.stoken=s.stoken WHERE  o.Status in (2,3,4,5,10) and o.stoken in ('nPyEo49507333966','oXTdy49509119968','hFeGH49534882642','NAUlV49541606740','QTNFg49561856205','vYfwa49553178058','lPduK49576693002','Rnmkm49672133165') and o.CreateDate BETWEEN '2017-06-22 00:00:01' and '2017-06-22 23:59:59' GROUP BY DATEPART(hh,o.CreateDate)::::::操作日期:::::::2017-06-22 15:39:18
操作定位:Phone/getsomething::::--->>>销售统计反馈{"linex":["0:00","1:00","2:00","3:00","4:00","5:00","6:00","7:00","8:00","9:00","10:00","11:00","12:00","13:00","14:00","15:00","16:00","17:00","18:00","19:00","20:00","21:00","22:00","23:00"],"liney":[0,0,0,0,0,0,0,0,0,0,0,0,0,0,0,0,0,0,0,0,0,0,0,0],"piex":[],"piey":[],"tableData":[]}::::::操作日期:::::::2017-06-22 15:39:19
操作定位:Phone/getsomething::::init{"data_type":"a","type":"dataofareas"}::::::操作日期:::::::2017-06-22 15:39:20
操作定位:Phone/getsomething::::-------SELECT am.AreaName,CONVERT(float(53),SUM(o.FTYM),120) as allmoney,ISNULL(SUM(o.HFTY),0) as pcount FROM RS_AreaManager am LEFT JOIN RS_AreaList al ON am.ID=al.AreaId LEFT JOIN RS_Store s ON al.Area=s.province LEFT JOIN RS_Order o ON s.stoken=o.stoken WHERE o.Status in(2,3,4,5,10) and o.stoken in('nPyEo49507333966','oXTdy49509119968','hFeGH49534882642','NAUlV49541606740','QTNFg49561856205','vYfwa49553178058','lPduK49576693002','Rnmkm49672133165') and o.CreateDate BETWEEN '2017-05-23 15:00:00' and '2017-06-22 15:00:00' GROUP BY am.AreaName ORDER BY allmoney asc::::::操作日期:::::::2017-06-22 15:39:20
操作定位:Phone/getsomething::::首页排行信息反馈--->>>{"status":"success","barx":["\u534e\u5317","\u897f\u5357","\u534e\u5357"],"bary":[825.54,955.4,1140],"barz":[125,91,95]}::::::操作日期:::::::2017-06-22 15:39:20
操作定位:Public/godata::::登陆记录{"status":"success","MyArea":"\u6cb3\u5357\u7701_\u6e56\u5357\u7701_\u6c5f\u897f\u7701_\u56db\u5ddd\u7701_\u4e91\u5357\u7701"}::::::操作日期:::::::2017-06-22 15:39:33
操作定位:Phone/getsomething::::init{"data_type":"a","timetype":"d","time":"today","type":"gethomedata","oftype":"sale"}::::::操作日期:::::::2017-06-22 15:39:34
操作定位:Phone/getsomething::::反馈信息--->>>{"piex":["\u534e\u5317","\u534e\u5357","\u897f\u5357"],"piey":[{"name":"\u534e\u5317","value":0},{"name":"\u534e\u5357","value":0},{"name":"\u897f\u5357","value":0}],"type":"\u9500\u552e\u989d","color":["#CCCCFF","#99CCFF","#40D29B"],"timeline":["0:00","1:00","2:00","3:00","4:00","5:00","6:00","7:00","8:00","9:00","10:00","11:00","12:00","13:00","14:00","15:00","16:00","17:00","18:00","19:00","20:00","21:00","22:00","23:00"],"series":[{"name":"\u534e\u5317","type":"line","smooth":true,"symbol":"circle","data":[0,0,0,0,0,0,0,0,0,0,0,0,0,0,0,0,0,0,0,0,0,0,0,0]},{"name":"\u534e\u5357","type":"line","smooth":true,"symbol":"circle","data":[0,0,0,0,0,0,0,0,0,0,0,0,0,0,0,0,0,0,0,0,0,0,0,0]},{"name":"\u897f\u5357","type":"line","smooth":true,"symbol":"circle","data":[0,0,0,0,0,0,0,0,0,0,0,0,0,0,0,0,0,0,0,0,0,0,0,0]}],"status":"success"}::::::操作日期:::::::2017-06-22 15:39:34
操作定位:Phone/getsomething::::init{"time_type":"d","type":"gettodaydata"}::::::操作日期:::::::2017-06-22 15:39:38
操作定位:Phone/getsomething::::2017-06-22 00:00:01---2017-06-22 23:59:59*********2017-06-21 00:00:01---2017-06-21 23:59:59::::::操作日期:::::::2017-06-22 15:39:38
操作定位:Phone/getsomething::::{"status":"success","data":{"today_money":0,"today_count":0,"diffmoney":0,"diffcount":0}}::::::操作日期:::::::2017-06-22 15:39:38
操作定位:Phone/getsomething::::init{"time":"2017-06","timetype":"m","data_type":"a","type":"gethomedata","oftype":"sale","aname":"","pname":"","cname":""}::::::操作日期:::::::2017-06-22 15:39:46
操作定位:Phone/getsomething::::反馈信息--->>>{"piex":["\u534e\u5317","\u534e\u5357","\u897f\u5357"],"piey":[{"name":"\u534e\u5317","value":8.01},{"name":"\u534e\u5357","value":120},{"name":"\u897f\u5357","value":361.4}],"type":"\u9500\u552e\u989d","color":["#CCCCFF","#99CCFF","#40D29B"],"timeline":["06-1","06-2","06-3","06-4","06-5","06-6","06-7","06-8","06-9","06-10","06-11","06-12","06-13","06-14","06-15","06-16","06-17","06-18","06-19","06-20","06-21","06-22","06-23","06-24","06-25","06-26","06-27","06-28","06-29","06-30"],"series":[{"name":"\u534e\u5317","type":"line","smooth":true,"symbol":"circle","data":[0,0.03,0.02,0,0,0,0,0,0,7.9,0,0,0,0.06,0,0,0,0,0,0,0,0,0,0,0,0,0,0,0,0,0]},{"name":"\u534e\u5357","type":"line","smooth":true,"symbol":"circle","data":[0,72,0,0,0,0,0,0,0,0,0,0,0,36,0,0,0,12,0,0,0,0,0,0,0,0,0,0,0,0,0]},{"name":"\u897f\u5357","type":"line","smooth":true,"symbol":"circle","data":[0,41.5,22.5,0,0,43,0,3,0,32,0,0,0,0,0,0,215,0,0,4.4,0,0,0,0,0,0,0,0,0,0,0]}],"status":"success"}::::::操作日期:::::::2017-06-22 15:39:46
操作定位:Phone/getsomething::::init{"data_type":"a","type":"dataofareas"}::::::操作日期:::::::2017-06-22 15:39:55
操作定位:Phone/getsomething::::-------SELECT am.AreaName,CONVERT(float(53),SUM(o.FTYM),120) as allmoney,ISNULL(SUM(o.HFTY),0) as pcount FROM RS_AreaManager am LEFT JOIN RS_AreaList al ON am.ID=al.AreaId LEFT JOIN RS_Store s ON al.Area=s.province LEFT JOIN RS_Order o ON s.stoken=o.stoken WHERE o.Status in(2,3,4,5,10) and o.stoken in('nPyEo49507333966','oXTdy49509119968','hFeGH49534882642','NAUlV49541606740','QTNFg49561856205','vYfwa49553178058','lPduK49576693002','Rnmkm49672133165') and o.CreateDate BETWEEN '2017-05-23 15:00:00' and '2017-06-22 15:00:00' GROUP BY am.AreaName ORDER BY allmoney asc::::::操作日期:::::::2017-06-22 15:39:55
操作定位:Phone/getsomething::::首页排行信息反馈--->>>{"status":"success","barx":["\u534e\u5317","\u897f\u5357","\u534e\u5357"],"bary":[825.54,955.4,1140],"barz":[125,91,95]}::::::操作日期:::::::2017-06-22 15:39:55
操作定位:Phone/getsomething::::init{"time_type":"d","type":"dataofstores","desc":"desc"}::::::操作日期:::::::2017-06-22 15:40:01
操作定位:Phone/getsomething::::--->>>门店销售排行--->>>{"status":"error"}::::::操作日期:::::::2017-06-22 15:40:02
操作定位:Phone/getsomething::::init{"time_type":"m","type":"dataofstores","desc":"desc"}::::::操作日期:::::::2017-06-22 15:40:03
操作定位:Phone/getsomething::::--->>>门店销售排行--->>>{"status":"success","barx":["\u5c0f\u8089\u8089\u7684\u5e97","\u9017\u9017\u4fa0","\u5c0f\u7626\u7684\u5e97","\u96f6\u552e\u5546\u94fa","\u5fbd\u8bb0\u98df\u54c1\u5c0f\u94fa\u5b50"],"bary":[0,4.4,8.01,120,357],"barz":[0,2,13,10,29],"tableData":[{"EmpId":13,"money":357,"count":29,"storename":"\u5fbd\u8bb0\u98df\u54c1\u5c0f\u94fa\u5b50","RowNumber":1,"EmpName":"\u5510\u745c\u74a0"},{"EmpId":19,"money":120,"count":10,"storename":"\u96f6\u552e\u5546\u94fa","RowNumber":2,"EmpName":"\u674e"},{"EmpId":9,"money":8.01,"count":13,"storename":"\u5c0f\u7626\u7684\u5e97","RowNumber":3,"EmpName":"\u6731\u6842\u82f9"},{"EmpId":null,"money":4.4,"count":2,"storename":"\u9017\u9017\u4fa0","RowNumber":4,"EmpName":null},{"EmpId":13,"money":0,"count":0,"storename":"\u5c0f\u8089\u8089\u7684\u5e97","RowNumber":5,"EmpName":"\u5510\u745c\u74a0"}]}::::::操作日期:::::::2017-06-22 15:40:04
操作定位:Public/godata::::登陆记录{"status":"success","MyArea":"\u6cb3\u5357\u7701"}::::::操作日期:::::::2017-06-22 15:42:36
操作定位:Phone/getsomething::::init{"data_type":"a","timetype":"d","time":"today","type":"gethomedata","oftype":"sale"}::::::操作日期:::::::2017-06-22 15:42:38
操作定位:Phone/getsomething::::反馈信息--->>>{"piex":["\u534e\u5317"],"piey":[{"name":"\u534e\u5317","value":0}],"type":"\u9500\u552e\u989d","color":["#CCCCFF"],"timeline":["0:00","1:00","2:00","3:00","4:00","5:00","6:00","7:00","8:00","9:00","10:00","11:00","12:00","13:00","14:00","15:00","16:00","17:00","18:00","19:00","20:00","21:00","22:00","23:00"],"series":[{"name":"\u534e\u5317","type":"line","smooth":true,"symbol":"circle","data":[0,0,0,0,0,0,0,0,0,0,0,0,0,0,0,0,0,0,0,0,0,0,0,0]}],"status":"success"}::::::操作日期:::::::2017-06-22 15:42:38
操作定位:Public/godata::::登陆记录{"status":"success","MyArea":"\u6cb3\u5357\u7701"}::::::操作日期:::::::2017-06-22 15:43:28
操作定位:Phone/getsomething::::init{"data_type":"a","timetype":"d","time":"today","type":"gethomedata","oftype":"sale"}::::::操作日期:::::::2017-06-22 15:43:30
操作定位:Phone/getsomething::::反馈信息--->>>{"piex":["\u534e\u5317"],"piey":[{"name":"\u534e\u5317","value":0}],"type":"\u9500\u552e\u989d","color":["#CCCCFF"],"timeline":["0:00","1:00","2:00","3:00","4:00","5:00","6:00","7:00","8:00","9:00","10:00","11:00","12:00","13:00","14:00","15:00","16:00","17:00","18:00","19:00","20:00","21:00","22:00","23:00"],"series":[{"name":"\u534e\u5317","type":"line","smooth":true,"symbol":"circle","data":[0,0,0,0,0,0,0,0,0,0,0,0,0,0,0,0,0,0,0,0,0,0,0,0]}],"status":"success"}::::::操作日期:::::::2017-06-22 15:43:30
操作定位:Public/godata::::登陆记录{"status":"success","MyArea":"\u6cb3\u5357\u7701"}::::::操作日期:::::::2017-06-22 19:17:39
操作定位:Phone/getsomething::::init{"data_type":"a","timetype":"d","time":"today","type":"gethomedata","oftype":"sale"}::::::操作日期:::::::2017-06-22 19:17:42
操作定位:Phone/getsomething::::反馈信息--->>>{"piex":["\u534e\u5317"],"piey":[{"name":"\u534e\u5317","value":0}],"type":"\u9500\u552e\u989d","color":["#CCCCFF"],"timeline":["0:00","1:00","2:00","3:00","4:00","5:00","6:00","7:00","8:00","9:00","10:00","11:00","12:00","13:00","14:00","15:00","16:00","17:00","18:00","19:00","20:00","21:00","22:00","23:00"],"series":[{"name":"\u534e\u5317","type":"line","smooth":true,"symbol":"circle","data":[0,0,0,0,0,0,0,0,0,0,0,0,0,0,0,0,0,0,0,0,0,0,0,0]}],"status":"success"}::::::操作日期:::::::2017-06-22 19:17:42
操作定位:Phone/getsomething::::init{"time_type":"d","type":"gettodaydata"}::::::操作日期:::::::2017-06-22 19:17:59
操作定位:Phone/getsomething::::2017-06-22 00:00:01---2017-06-22 23:59:59*********2017-06-21 00:00:01---2017-06-21 23:59:59::::::操作日期:::::::2017-06-22 19:18:00
操作定位:Phone/getsomething::::{"status":"success","data":{"today_money":0,"today_count":0,"diffmoney":0,"diffcount":0}}::::::操作日期:::::::2017-06-22 19:18:00
操作定位:Phone/getsomething::::init{"data_type":"a","type":"dataofareas"}::::::操作日期:::::::2017-06-22 19:18:01
操作定位:Phone/getsomething::::-------SELECT am.AreaName,CONVERT(float(53),SUM(o.FTYM),120) as allmoney,ISNULL(SUM(o.HFTY),0) as pcount FROM RS_AreaManager am LEFT JOIN RS_AreaList al ON am.ID=al.AreaId LEFT JOIN RS_Store s ON al.Area=s.province LEFT JOIN RS_Order o ON s.stoken=o.stoken WHERE o.Status in(2,3,4,5,10) and o.stoken in('nPyEo49507333966','oXTdy49509119968') and o.CreateDate BETWEEN '2017-05-23 19:00:00' and '2017-06-22 19:00:00' GROUP BY am.AreaName ORDER BY allmoney asc::::::操作日期:::::::2017-06-22 19:18:01
操作定位:Phone/getsomething::::首页排行信息反馈--->>>{"status":"success","barx":["\u534e\u5317"],"bary":[825.54],"barz":[125]}::::::操作日期:::::::2017-06-22 19:18:01
操作定位:Phone/getsomething::::init{"data_type":"p","type":"dataofareas"}::::::操作日期:::::::2017-06-22 19:18:06
操作定位:Phone/getsomething::::-------SELECT CONVERT(float(53),SUM(o.FTYM),120) as allmoney,ISNULL(SUM(o.HFTY),0) as pcount ,s.province as AreaName FROM RS_Store s LEFT JOIN RS_Order o ON s.stoken=o.stoken WHERE o.Status in(2,3,4,5,10) and o.stoken in('nPyEo49507333966','oXTdy49509119968') and o.CreateDate BETWEEN '2017-05-23 19:00:00' and '2017-06-22 19:00:00' GROUP BY s.province ORDER BY allmoney asc::::::操作日期:::::::2017-06-22 19:18:06
操作定位:Phone/getsomething::::首页排行信息反馈--->>>{"status":"success","barx":["\u6cb3\u5357\u7701"],"bary":[825.54],"barz":[125]}::::::操作日期:::::::2017-06-22 19:18:06
操作定位:Phone/getsomething::::init{"time_type":"d","type":"gettodaydata"}::::::操作日期:::::::2017-06-22 19:18:09
操作定位:Phone/getsomething::::2017-06-22 00:00:01---2017-06-22 23:59:59*********2017-06-21 00:00:01---2017-06-21 23:59:59::::::操作日期:::::::2017-06-22 19:18:09
操作定位:Phone/getsomething::::{"status":"success","data":{"today_money":0,"today_count":0,"diffmoney":0,"diffcount":0}}::::::操作日期:::::::2017-06-22 19:18:09
操作定位:Phone/getsomething::::init{"data_type":"a","type":"dataofareas"}::::::操作日期:::::::2017-06-22 19:18:15
操作定位:Phone/getsomething::::-------SELECT am.AreaName,CONVERT(float(53),SUM(o.FTYM),120) as allmoney,ISNULL(SUM(o.HFTY),0) as pcount FROM RS_AreaManager am LEFT JOIN RS_AreaList al ON am.ID=al.AreaId LEFT JOIN RS_Store s ON al.Area=s.province LEFT JOIN RS_Order o ON s.stoken=o.stoken WHERE o.Status in(2,3,4,5,10) and o.stoken in('nPyEo49507333966','oXTdy49509119968') and o.CreateDate BETWEEN '2017-05-23 19:00:00' and '2017-06-22 19:00:00' GROUP BY am.AreaName ORDER BY allmoney asc::::::操作日期:::::::2017-06-22 19:18:15
操作定位:Phone/getsomething::::首页排行信息反馈--->>>{"status":"success","barx":["\u534e\u5317"],"bary":[825.54],"barz":[125]}::::::操作日期:::::::2017-06-22 19:18:15
操作定位:Phone/getsomething::::init{"time_type":"d","type":"gettodaydata"}::::::操作日期:::::::2017-06-22 19:18:15
操作定位:Phone/getsomething::::2017-06-22 00:00:01---2017-06-22 23:59:59*********2017-06-21 00:00:01---2017-06-21 23:59:59::::::操作日期:::::::2017-06-22 19:18:16
操作定位:Phone/getsomething::::{"status":"success","data":{"today_money":0,"today_count":0,"diffmoney":0,"diffcount":0}}::::::操作日期:::::::2017-06-22 19:18:16
操作定位:Phone/getsomething::::init{"data_type":"a","type":"dataofareas"}::::::操作日期:::::::2017-06-22 19:18:16
操作定位:Phone/getsomething::::-------SELECT am.AreaName,CONVERT(float(53),SUM(o.FTYM),120) as allmoney,ISNULL(SUM(o.HFTY),0) as pcount FROM RS_AreaManager am LEFT JOIN RS_AreaList al ON am.ID=al.AreaId LEFT JOIN RS_Store s ON al.Area=s.province LEFT JOIN RS_Order o ON s.stoken=o.stoken WHERE o.Status in(2,3,4,5,10) and o.stoken in('nPyEo49507333966','oXTdy49509119968') and o.CreateDate BETWEEN '2017-05-23 19:00:00' and '2017-06-22 19:00:00' GROUP BY am.AreaName ORDER BY allmoney asc::::::操作日期:::::::2017-06-22 19:18:16
操作定位:Phone/getsomething::::首页排行信息反馈--->>>{"status":"success","barx":["\u534e\u5317"],"bary":[825.54],"barz":[125]}::::::操作日期:::::::2017-06-22 19:18:16
操作定位:Phone/getsomething::::init{"time_type":"d","type":"gettodaydata"}::::::操作日期:::::::2017-06-22 19:18:17
操作定位:Phone/getsomething::::2017-06-22 00:00:01---2017-06-22 23:59:59*********2017-06-21 00:00:01---2017-06-21 23:59:59::::::操作日期:::::::2017-06-22 19:18:17
操作定位:Phone/getsomething::::{"status":"success","data":{"today_money":0,"today_count":0,"diffmoney":0,"diffcount":0}}::::::操作日期:::::::2017-06-22 19:18:17
操作定位:Public/godata::::登陆记录{"status":"success","MyArea":"\u6cb3\u5357\u7701_\u6e56\u5357\u7701_\u6c5f\u897f\u7701_\u56db\u5ddd\u7701_\u4e91\u5357\u7701"}::::::操作日期:::::::2017-06-22 19:36:14
操作定位:Phone/getsomething::::init{"data_type":"a","timetype":"d","time":"today","type":"gethomedata","oftype":"sale"}::::::操作日期:::::::2017-06-22 19:36:16
操作定位:Phone/getsomething::::反馈信息--->>>{"piex":["\u534e\u5317","\u534e\u5357","\u897f\u5357"],"piey":[{"name":"\u534e\u5317","value":0},{"name":"\u534e\u5357","value":0},{"name":"\u897f\u5357","value":0}],"type":"\u9500\u552e\u989d","color":["#CCCCFF","#99CCFF","#40D29B"],"timeline":["0:00","1:00","2:00","3:00","4:00","5:00","6:00","7:00","8:00","9:00","10:00","11:00","12:00","13:00","14:00","15:00","16:00","17:00","18:00","19:00","20:00","21:00","22:00","23:00"],"series":[{"name":"\u534e\u5317","type":"line","smooth":true,"symbol":"circle","data":[0,0,0,0,0,0,0,0,0,0,0,0,0,0,0,0,0,0,0,0,0,0,0,0]},{"name":"\u534e\u5357","type":"line","smooth":true,"symbol":"circle","data":[0,0,0,0,0,0,0,0,0,0,0,0,0,0,0,0,0,0,0,0,0,0,0,0]},{"name":"\u897f\u5357","type":"line","smooth":true,"symbol":"circle","data":[0,0,0,0,0,0,0,0,0,0,0,0,0,0,0,0,0,0,0,0,0,0,0,0]}],"status":"success"}::::::操作日期:::::::2017-06-22 19:36:16
操作定位:Phone/getsomething::::init{"time":"2017-05","timetype":"m","data_type":"a","type":"gethomedata","oftype":"sale","aname":"","pname":"","cname":""}::::::操作日期:::::::2017-06-22 19:36:25
操作定位:Phone/getsomething::::反馈信息--->>>{"piex":["\u534e\u5317","\u534e\u5357","\u897f\u5357"],"piey":[{"name":"\u534e\u5317","value":817.53},{"name":"\u534e\u5357","value":1020},{"name":"\u897f\u5357","value":594}],"type":"\u9500\u552e\u989d","color":["#CCCCFF","#99CCFF","#40D29B"],"timeline":["05-1","05-2","05-3","05-4","05-5","05-6","05-7","05-8","05-9","05-10","05-11","05-12","05-13","05-14","05-15","05-16","05-17","05-18","05-19","05-20","05-21","05-22","05-23","05-24","05-25","05-26","05-27","05-28","05-29","05-30","05-31"],"series":[{"name":"\u534e\u5317","type":"line","smooth":true,"symbol":"circle","data":[0,0,0,0,0,0,0,0,0,0,0,0,0,0,0,0,0,0,0,0,0,0,0,0,172.51,472.5,75,22.5,52.5,0,0,22.52]},{"name":"\u534e\u5357","type":"line","smooth":true,"symbol":"circle","data":[0,0,0,0,0,0,0,0,0,0,0,0,0,0,0,0,0,0,0,0,0,0,0,0,240,708,72,0,0,0,0,0]},{"name":"\u897f\u5357","type":"line","smooth":true,"symbol":"circle","data":[0,0,0,0,0,0,0,0,0,0,0,0,0,0,0,0,0,0,0,0,0,0,0,0,198,396,0,0,0,0,0,0]}],"status":"success"}::::::操作日期:::::::2017-06-22 19:36:25
操作定位:Phone/getsomething::::init{"data_type":"a","type":"dataofareas"}::::::操作日期:::::::2017-06-22 19:36:31
操作定位:Phone/getsomething::::-------SELECT am.AreaName,CONVERT(float(53),SUM(o.FTYM),120) as allmoney,ISNULL(SUM(o.HFTY),0) as pcount FROM RS_AreaManager am LEFT JOIN RS_AreaList al ON am.ID=al.AreaId LEFT JOIN RS_Store s ON al.Area=s.province LEFT JOIN RS_Order o ON s.stoken=o.stoken WHERE o.Status in(2,3,4,5,10) and o.stoken in('nPyEo49507333966','oXTdy49509119968','hFeGH49534882642','NAUlV49541606740','QTNFg49561856205','vYfwa49553178058','lPduK49576693002','Rnmkm49672133165') and o.CreateDate BETWEEN '2017-05-23 19:00:00' and '2017-06-22 19:00:00' GROUP BY am.AreaName ORDER BY allmoney asc::::::操作日期:::::::2017-06-22 19:36:31
操作定位:Phone/getsomething::::首页排行信息反馈--->>>{"status":"success","barx":["\u534e\u5317","\u897f\u5357","\u534e\u5357"],"bary":[825.54,955.4,1140],"barz":[125,91,95]}::::::操作日期:::::::2017-06-22 19:36:31
