操作定位:Payapi/refunNotify::::退款接口反馈信息---->>>>{"orderNo":"E201706260935584390FJ6067","refundTime":"2017\/06\/26 09:59:49","sign":"01CBE7A2870244937254137705905055","refundStatus":"3","errDesc":"处理中，需要查询订单才能确定订单状态","refundNo":"OrderTk201706260935584390FJ6067333","curCode":"CNY","actualRefundAmount":"0.01","txRefundNo":"20170626095950326058","merchantNo":"TX0001455","refundAmount":"0.01"}::::::操作日期:::::::2017-06-26 09:59:52
操作定位:Payapi/refunNotify::::退款接口反馈信息---->>>>{"orderNo":"E201706260932546326FJ9301","refundTime":"2017\/06\/26 10:03:08","sign":"5FFADB04E1F7DBC748089311EF0F6E28","refundStatus":"3","errDesc":"处理中，需要查询订单才能确定订单状态","refundNo":"OrderTk201706260932546326FJ9301913","curCode":"CNY","actualRefundAmount":"0.01","txRefundNo":"20170626100309455974","merchantNo":"TX0001455","refundAmount":"0.01"}::::::操作日期:::::::2017-06-26 10:03:12
操作定位:Payapi/refunNotify::::退款接口反馈信息---->>>>{"orderNo":"E201706261007285834FJ2323","refundTime":"2017\/06\/26 10:42:42","sign":"6A008B947A4517E3BACD9D0E879C23A6","refundStatus":"3","errDesc":"处理中，需要查询订单才能确定订单状态","refundNo":"OrderTk201706261007285834FJ2323185","curCode":"CNY","actualRefundAmount":"0.01","txRefundNo":"20170626104243090032","merchantNo":"TX0001455","refundAmount":"0.01"}::::::操作日期:::::::2017-06-26 10:42:47
操作定位:Payapi/refunNotify::::退款接口反馈信息---->>>>{"orderNo":"E201706261008069863FJ5291","dealRefundTime":"2017\/06\/26 17:19:04","refundTime":"2017\/06\/26 17:19:02","sign":"BF509FA761666FD6DF1162BBE2E1C85E","refundStatus":"4","bankRefundNo":"103149846874434542366","errDesc":"SUCCESS","refundNo":"OrderTk201706261008069863FJ5291848","curCode":"CNY","actualRefundAmount":"0.0001","txRefundNo":"20170626171903290319","merchantNo":"TX0001455","refundAmount":"0.01"}::::::操作日期:::::::2017-06-26 17:25:46
操作定位:Public/godata::::登陆记录{"status":"success","app":{"apptoken":"ato_78ea5a96c6a4972816a416eb65446d8f","exptime":1499074765},"MyArea":"\u6cb3\u5357\u7701"}::::::操作日期:::::::2017-06-26 17:39:25
操作定位:Phone/getsomething::::init{"data_type":"a","timetype":"d","time":"today","type":"gethomedata","oftype":"sale"}::::::操作日期:::::::2017-06-26 17:39:26
操作定位:Phone/getsomething::::反馈信息--->>>{"piex":["\u534e\u5317"],"piey":[{"name":"\u534e\u5317","value":0}],"type":"\u9500\u552e\u989d","color":["#CCCCFF"],"timeline":["0:00","1:00","2:00","3:00","4:00","5:00","6:00","7:00","8:00","9:00","10:00","11:00","12:00","13:00","14:00","15:00","16:00","17:00","18:00","19:00","20:00","21:00","22:00","23:00"],"series":[{"name":"\u534e\u5317","type":"line","smooth":true,"symbol":"circle","data":[0,0,0,0,0,0,0,0,0,0,0,0,0,0,0,0,0,0,0,0,0,0,0,0]}],"status":"success"}::::::操作日期:::::::2017-06-26 17:39:27
操作定位:Phone/getsomething::::init{"time_type":"d","type":"gettodaydata"}::::::操作日期:::::::2017-06-26 17:39:35
操作定位:Phone/getsomething::::2017-06-26 00:00:01---2017-06-26 23:59:59*********2017-06-25 00:00:01---2017-06-25 23:59:59::::::操作日期:::::::2017-06-26 17:39:35
操作定位:Phone/getsomething::::{"status":"success","data":{"today_money":0,"today_count":0,"diffmoney":0,"diffcount":0}}::::::操作日期:::::::2017-06-26 17:39:35
操作定位:Phone/getsomething::::init{"data_type":"a","type":"dataofareas"}::::::操作日期:::::::2017-06-26 17:39:37
操作定位:Phone/getsomething::::-------SELECT am.AreaName,CONVERT(float(53),SUM(o.FTYM),120) as allmoney,ISNULL(SUM(o.HFTY),0) as pcount FROM RS_AreaManager am LEFT JOIN RS_AreaList al ON am.ID=al.AreaId LEFT JOIN RS_Store s ON al.Area=s.province LEFT JOIN RS_Order o ON s.stoken=o.stoken WHERE o.Status in(2,3,4,5,10) and o.stoken in('nPyEo49507333966','oXTdy49509119968') and o.CreateDate BETWEEN '2017-05-27 17:00:00' and '2017-06-26 17:00:00' GROUP BY am.AreaName ORDER BY allmoney asc::::::操作日期:::::::2017-06-26 17:39:37
操作定位:Phone/getsomething::::首页排行信息反馈--->>>{"status":"success","barx":["\u534e\u5317"],"bary":[83.03],"barz":[25]}::::::操作日期:::::::2017-06-26 17:39:37
操作定位:Phone/getsomething::::init{"time_type":"d","type":"gettodaydata"}::::::操作日期:::::::2017-06-26 17:39:40
操作定位:Phone/getsomething::::2017-06-26 00:00:01---2017-06-26 23:59:59*********2017-06-25 00:00:01---2017-06-25 23:59:59::::::操作日期:::::::2017-06-26 17:39:41
操作定位:Phone/getsomething::::{"status":"success","data":{"today_money":0,"today_count":0,"diffmoney":0,"diffcount":0}}::::::操作日期:::::::2017-06-26 17:39:41
操作定位:Phone/getsomething::::init{"time":"today","timetype":"d","data_type":"p","type":"gethomedata","oftype":"sale","aname":"\u534e\u5317","pname":"","cname":""}::::::操作日期:::::::2017-06-26 17:39:43
操作定位:Phone/getsomething::::---SELECT a.Area as AreaName,a.ID,a.AreaId,CONVERT(float(50),ISNULL(a.allmoney, 0),120) as allmoney,ISNULL(a.pcount, 0) as pcount FROM (SELECT al.ID,al.Area,al.AreaId,SUM(o.FTYM) as allmoney,SUM(o.HFTY) as pcount FROM RS_AreaList al LEFT JOIN RS_AreaManager am ON al.AreaId=am.ID LEFT JOIN RS_Store s ON al.Area=s.province LEFT JOIN RS_Order o ON o.stoken=s.stoken WHERE s.stoken<>'0' and s.IsCheck='1' and o.Status in (2,3,4,5,10) and o.CreateDate BETWEEN '2017-06-26 00:00:01' and '2017-06-26 23:59:59' and o.stoken in('nPyEo49507333966','oXTdy49509119968') and am.AreaName='华北' GROUP BY al.AreaId,al.ID,al.Area) a ORDER BY a.allmoney desc ::::::操作日期:::::::2017-06-26 17:39:43
操作定位:Phone/getsomething::::反馈信息--->>>{"piex":["\u6cb3\u5357\u7701"],"piey":[{"name":"\u6cb3\u5357\u7701","value":0}],"type":"\u9500\u552e\u989d","color":["#CCCCFF"],"timeline":["0:00","1:00","2:00","3:00","4:00","5:00","6:00","7:00","8:00","9:00","10:00","11:00","12:00","13:00","14:00","15:00","16:00","17:00","18:00","19:00","20:00","21:00","22:00","23:00"],"series":[{"name":"\u6cb3\u5357\u7701","type":"line","smooth":true,"symbol":"circle","data":[0,0,0,0,0,0,0,0,0,0,0,0,0,0,0,0,0,0,0,0,0,0,0,0]}],"status":"error"}::::::操作日期:::::::2017-06-26 17:39:43
操作定位:Phone/getsomething::::init{"time_type":"d","type":"gettodaydata"}::::::操作日期:::::::2017-06-26 17:39:48
操作定位:Phone/getsomething::::2017-06-26 00:00:01---2017-06-26 23:59:59*********2017-06-25 00:00:01---2017-06-25 23:59:59::::::操作日期:::::::2017-06-26 17:39:49
操作定位:Phone/getsomething::::{"status":"success","data":{"today_money":0,"today_count":0,"diffmoney":0,"diffcount":0}}::::::操作日期:::::::2017-06-26 17:39:49
操作定位:Phone/getsomething::::init{"data_type":"a","type":"dataofareas"}::::::操作日期:::::::2017-06-26 17:39:49
操作定位:Phone/getsomething::::-------SELECT am.AreaName,CONVERT(float(53),SUM(o.FTYM),120) as allmoney,ISNULL(SUM(o.HFTY),0) as pcount FROM RS_AreaManager am LEFT JOIN RS_AreaList al ON am.ID=al.AreaId LEFT JOIN RS_Store s ON al.Area=s.province LEFT JOIN RS_Order o ON s.stoken=o.stoken WHERE o.Status in(2,3,4,5,10) and o.stoken in('nPyEo49507333966','oXTdy49509119968') and o.CreateDate BETWEEN '2017-05-27 17:00:00' and '2017-06-26 17:00:00' GROUP BY am.AreaName ORDER BY allmoney asc::::::操作日期:::::::2017-06-26 17:39:49
操作定位:Phone/getsomething::::首页排行信息反馈--->>>{"status":"success","barx":["\u534e\u5317"],"bary":[83.03],"barz":[25]}::::::操作日期:::::::2017-06-26 17:39:49
操作定位:Phone/getsomething::::init{"time_type":"d","type":"gettodaydata"}::::::操作日期:::::::2017-06-26 17:41:59
操作定位:Phone/getsomething::::2017-06-26 00:00:01---2017-06-26 23:59:59*********2017-06-25 00:00:01---2017-06-25 23:59:59::::::操作日期:::::::2017-06-26 17:41:59
操作定位:Phone/getsomething::::{"status":"success","data":{"today_money":0,"today_count":0,"diffmoney":0,"diffcount":0}}::::::操作日期:::::::2017-06-26 17:41:59
操作定位:Phone/getsomething::::init{"data_type":"a","type":"dataofareas"}::::::操作日期:::::::2017-06-26 17:41:59
操作定位:Phone/getsomething::::-------SELECT am.AreaName,CONVERT(float(53),SUM(o.FTYM),120) as allmoney,ISNULL(SUM(o.HFTY),0) as pcount FROM RS_AreaManager am LEFT JOIN RS_AreaList al ON am.ID=al.AreaId LEFT JOIN RS_Store s ON al.Area=s.province LEFT JOIN RS_Order o ON s.stoken=o.stoken WHERE o.Status in(2,3,4,5,10) and o.stoken in('nPyEo49507333966','oXTdy49509119968') and o.CreateDate BETWEEN '2017-05-27 17:00:00' and '2017-06-26 17:00:00' GROUP BY am.AreaName ORDER BY allmoney asc::::::操作日期:::::::2017-06-26 17:42:00
操作定位:Phone/getsomething::::首页排行信息反馈--->>>{"status":"success","barx":["\u534e\u5317"],"bary":[83.03],"barz":[25]}::::::操作日期:::::::2017-06-26 17:42:00
操作定位:Phone/getsomething::::init{"time_type":"d","type":"gettodaydata"}::::::操作日期:::::::2017-06-26 17:42:10
操作定位:Phone/getsomething::::2017-06-26 00:00:01---2017-06-26 23:59:59*********2017-06-25 00:00:01---2017-06-25 23:59:59::::::操作日期:::::::2017-06-26 17:42:10
操作定位:Phone/getsomething::::{"status":"success","data":{"today_money":0,"today_count":0,"diffmoney":0,"diffcount":0}}::::::操作日期:::::::2017-06-26 17:42:10
操作定位:Phone/getsomething::::init{"type":"linetypes","time":"today","time_type":"d","data_type":"online","pname":"","cname":""}::::::操作日期:::::::2017-06-26 17:42:12
操作定位:Phone/getsomething::::--------SELECT SUM(a.allmoney) as allmoney,a.storename,a.sid,a.EmpId,a.PayName FROM (SELECT CONVERT(float(53),ISNULL(SUM(o.FTYM),0),120) as allmoney,s.storename,s.id as sid,em.EmpId,(CASE o.PayName WHEN 'T' THEN 'online' ELSE 'offline' END) AS PayName FROM RS_Store s LEFT JOIN RS_Order o ON s.stoken=o.stoken LEFT JOIN RS_EmpOfStore em ON s.id=em.StoreId WHERE o.Status in(2,3,4,5,10) and o.CreateDate BETWEEN '2017-06-26 00:00:01' and '2017-06-26 23:59:59' and o.stoken in ('nPyEo49507333966','oXTdy49509119968') GROUP BY s.storename ,em.EmpId,o.PayName,s.id) a GROUP BY a.PayName,a.storename,a.EmpId,a.sid ORDER BY allmoney desc::::::操作日期:::::::2017-06-26 17:42:12
操作定位:Phone/getsomething::::--->>>渠道数据--->>>{"status":"success","piex":["\u7ebf\u4e0a\u9500\u552e","\u7ebf\u4e0b\u9500\u552e"],"piey":[{"name":"\u7ebf\u4e0a\u9500\u552e","value":0,"itemStyle":{"normal":{"color":"#CCCCFF"}}}],"table_data":{"1009":{"offline":0,"online":0,"EmpName":"\u6731\u6842\u82f9","storename":"\u5c0f\u7626\u7684\u5e97"}}}::::::操作日期:::::::2017-06-26 17:42:13
操作定位:Phone/getsomething::::init{"data_type":"a","type":"dataofareas"}::::::操作日期:::::::2017-06-26 17:42:17
操作定位:Phone/getsomething::::-------SELECT am.AreaName,CONVERT(float(53),SUM(o.FTYM),120) as allmoney,ISNULL(SUM(o.HFTY),0) as pcount FROM RS_AreaManager am LEFT JOIN RS_AreaList al ON am.ID=al.AreaId LEFT JOIN RS_Store s ON al.Area=s.province LEFT JOIN RS_Order o ON s.stoken=o.stoken WHERE o.Status in(2,3,4,5,10) and o.stoken in('nPyEo49507333966','oXTdy49509119968') and o.CreateDate BETWEEN '2017-05-27 17:00:00' and '2017-06-26 17:00:00' GROUP BY am.AreaName ORDER BY allmoney asc::::::操作日期:::::::2017-06-26 17:42:17
操作定位:Phone/getsomething::::首页排行信息反馈--->>>{"status":"success","barx":["\u534e\u5317"],"bary":[83.03],"barz":[25]}::::::操作日期:::::::2017-06-26 17:42:17
操作定位:Phone/getsomething::::init{"time_type":"d","type":"dataofemps","desc":"desc"}::::::操作日期:::::::2017-06-26 17:42:22
操作定位:Phone/getsomething::::init{"time_type":"m","type":"dataofemps","desc":"desc"}::::::操作日期:::::::2017-06-26 17:42:24
操作定位:Phone/getsomething::::init{"time_type":"y","type":"dataofemps","desc":"desc"}::::::操作日期:::::::2017-06-26 17:42:26
操作定位:Public/godata::::登陆记录{"status":"error","info":"error"}::::::操作日期:::::::2017-06-26 19:16:13
操作定位:Public/godata::::登陆记录{"status":"error","info":"error"}::::::操作日期:::::::2017-06-26 19:16:25
操作定位:Public/godata::::登陆记录{"status":"success","MyArea":"\u6cb3\u5357\u7701"}::::::操作日期:::::::2017-06-26 19:50:04
操作定位:Phone/getsomething::::init{"data_type":"a","timetype":"d","time":"today","type":"gethomedata","oftype":"sale"}::::::操作日期:::::::2017-06-26 19:50:07
操作定位:Phone/getsomething::::反馈信息--->>>{"piex":["\u534e\u5317"],"piey":[{"name":"\u534e\u5317","value":0}],"type":"\u9500\u552e\u989d","color":["#CCCCFF"],"timeline":["0:00","1:00","2:00","3:00","4:00","5:00","6:00","7:00","8:00","9:00","10:00","11:00","12:00","13:00","14:00","15:00","16:00","17:00","18:00","19:00","20:00","21:00","22:00","23:00"],"series":[{"name":"\u534e\u5317","type":"line","smooth":true,"symbol":"circle","data":[0,0,0,0,0,0,0,0,0,0,0,0,0,0,0,0,0,0,0,0,0,0,0,0]}],"status":"success"}::::::操作日期:::::::2017-06-26 19:50:08
